<?xml version="1.0" encoding="UTF-8"?>
<!-- Generated by org.testng.reporters.JUnitReportReporter -->
<testsuite hostname="LAPTOP-MKQO7339" failures="0" tests="3" name="com.fertavora.testing.tests.SwapiFilmsTests" time="0.002" errors="0" timestamp="2020-03-21T12:17:28 ART" skipped="0">
  <testcase classname="com.fertavora.testing.tests.SwapiFilmsTests" name="checkContentType" time="0.002"/>
  <system-out/>
  <testcase classname="com.fertavora.testing.tests.SwapiFilmsTests" name="checkResponseTime" time="0.000"/>
  <system-out/>
  <testcase classname="com.fertavora.testing.tests.SwapiFilmsTests" name="checkStatusCode" time="0.000"/>
  <system-out/>
</testsuite> <!-- com.fertavora.testing.tests.SwapiFilmsTests -->
