<?xml version="1.0" encoding="UTF-8"?>
<!-- Generated by org.testng.reporters.JUnitReportReporter -->
<testsuite hostname="LAPTOP-MKQO7339" failures="0" tests="3" name="com.fertavora.testing.tests.SwapiPeopleTests" time="3.484" errors="0" timestamp="2020-03-21T12:17:28 ART" skipped="0">
  <testcase classname="com.fertavora.testing.tests.SwapiPeopleTests" name="requestPeopleById_checkResponseTimeAndValues" time="1.176"/>
  <system-out/>
  <testcase classname="com.fertavora.testing.tests.SwapiPeopleTests" name="requestPeopleById_checkResponseTimeAndValues" time="0.924"/>
  <system-out/>
  <testcase classname="com.fertavora.testing.tests.SwapiPeopleTests" name="requestPeopleById_checkResponseTimeAndValues" time="1.384"/>
  <system-out/>
</testsuite> <!-- com.fertavora.testing.tests.SwapiPeopleTests -->
